  glew.c
  animationChannel.cpp
  animationClip.cpp
  animationNode.cpp
  animatorController.cpp
  app.cpp
  baseRenderer.cpp
  bindableTexture.cpp
  bindingPoint.cpp
  bone.cpp
  boundingVolumes.cpp
  bufferObject.cpp
  bufferRenderer.cpp
  bufferTexture.cpp
  button.cpp
  camera.cpp
  cameraHandler.cpp
  checkBoxWidget.cpp
  colorWheel.cpp
  colorWidget.cpp
  commandLineProcessor.cpp
  Generando código...
  Compilando...
  commonDialogs.cpp
  describeScenegraph.cpp
  directionWidget.cpp
  drawCommand.cpp
  eventProcessor.cpp
  events.cpp
  eventSource.cpp
  fbo.cpp
  fileChooserWidget.cpp
  fileStats.cpp
  findNodeByName.cpp
  floatSliderWidget.cpp
  font.cpp
  gamepad.cpp
  geode.cpp
  glMatrices.cpp
  glslInfo.cpp
  glStateCache.cpp
  glStats.cpp
  glVersion.cpp
  Generando código...
  Compilando...
  group.cpp
  hacks.cpp
  hBox.cpp
  image.cpp
  indexedBindingPoint.cpp
  interpolators.cpp
  intervals.cpp
  intInputWidget.cpp
  intSliderWidget.cpp
  intWidget.cpp
  ivecInputWidget.cpp
  ivecSliderWidget.cpp
  keyboard.cpp
  label.cpp
  lifetimeManager.cpp
  lineChartWidget.cpp
  listBoxWidget.cpp
  log.cpp
  material.cpp
  matrixStack.cpp
  Generando código...
  Compilando...
  media.cpp
  mesh.cpp
  model.cpp
  fileLoader.cpp
  node.cpp
  outputStreamStats.cpp
  panel.cpp
  pingPongBuffers.cpp
  program.cpp
  progressBar.cpp
  properties.cpp
  query.cpp
  rbo.cpp
  renderable.cpp
  renderBoundingVolumes.cpp
  renderHelpers.cpp
  rotationWidget.cpp
  scene.cpp
  assimpWrapper.cpp
  scenegraphEditor.cpp
  Generando código...
  Compilando...
  sdlAdapter.cpp
  separator.cpp
  shader.cpp
  shaderLibrary.cpp
  skeleton.cpp
  stockMaterials.cpp
  stockModels.cpp
  stockModels2.cpp
  stockPrograms.cpp
  stopWatch.cpp
  surfaceRevolutionGenerator.cpp
  textOverlay.cpp
  texture.cpp
  texture1D.cpp
  texture2DGeneric.cpp
  texture3DGeneric.cpp
  textureCubeMap.cpp
  textureGenerator.cpp
  textureText.cpp
  textureVideo.cpp
  Generando código...
  Compilando...
  transform.cpp
  transformFeedbackObject.cpp
  treeWidget.cpp
  uboBones.cpp
  uboLightSources.cpp
  uboMaterial.cpp
  utils.cpp
  vecSliderWidget.cpp
  vertexArrayObject.cpp
  videoDevice.cpp
  videoFile.cpp
c:\users\joseg\desktop\pg_practicas_8a10\librerias\ffmpeg\include\libavutil\common.h(162): warning C4244: 'return': conversión de 'int' a 'uint8_t'; posible pérdida de datos
c:\users\joseg\desktop\pg_practicas_8a10\librerias\ffmpeg\include\libavutil\common.h(173): warning C4244: 'return': conversión de 'int' a 'int8_t'; posible pérdida de datos
c:\users\joseg\desktop\pg_practicas_8a10\librerias\ffmpeg\include\libavutil\common.h(184): warning C4244: 'return': conversión de 'int' a 'uint16_t'; posible pérdida de datos
c:\users\joseg\desktop\pg_practicas_8a10\librerias\ffmpeg\include\libavutil\common.h(195): warning C4244: 'return': conversión de 'int' a 'int16_t'; posible pérdida de datos
  viewportRenderer.cpp
  widget.cpp
  window.cpp
  windowBuilder.cpp
  Generando código...
  PGUPV.vcxproj -> C:\Users\joseg\Desktop\PG_practicas_8a10\lib/Debug/PGUPV.lib
